# JRE version: OpenJDK Runtime Environment (21.0.9) (build 21.0.9+-14787801-b1163.94)
# Java VM: OpenJDK 64-Bit Server VM (21.0.9+-14787801-b1163.94, mixed mode, tiered, compressed oops, compressed class ptrs, g1 gc, windows-amd64)
GC Precious Log:
 CardTable entry size: 512
 Card Set container configuration: InlinePtr #cards 5 size 8 Array Of Cards #cards 12 size 40 Howl #buckets 4 coarsen threshold 1843 Howl Bitmap #cards 512 size 80 coarsen threshold 460 Card regions per heap region 1 cards per card region 2048
 CPUs: 8 total, 8 available
 Memory: 7834M
 Large Page Support: Disabled
 NUMA Support: Disabled
 Compressed Oops: Enabled (32-bit)
 Heap Region Size: 1M
 Heap Min Capacity: 8M
 Heap Initial Capacity: 124M
 Heap Max Capacity: 2G
 Pre-touch: Disabled
 Parallel Workers: 8
 Concurrent Workers: 2
 Concurrent Refinement Workers: 8
 Periodic GC: Disabled
Heap:
 garbage-first heap   total 71680K, used 52892K [0x0000000080000000, 0x0000000100000000)
  region size 1024K, 35 young (35840K), 2 survivors (2048K)
 Metaspace       used 26943K, committed 27328K, reserved 1114112K
  class space    used 3330K, committed 3520K, reserved 1048576K
GC Heap History (10 events):
Event: 2.753 GC heap before
{Heap before GC invocations=0 (full 0):
 garbage-first heap   total 126976K, used 22528K [0x0000000080000000, 0x0000000100000000)
  region size 1024K, 23 young (23552K), 0 survivors (0K)
 Metaspace       used 7854K, committed 8064K, reserved 1114112K
  class space    used 737K, committed 832K, reserved 1048576K
}
Event: 2.762 GC heap after
{Heap after GC invocations=1 (full 0):
 garbage-first heap   total 126976K, used 1280K [0x0000000080000000, 0x0000000100000000)
  region size 1024K, 2 young (2048K), 2 survivors (2048K)
 Metaspace       used 7854K, committed 8064K, reserved 1114112K
  class space    used 737K, committed 832K, reserved 1048576K
}
Event: 8.629 GC heap before
{Heap before GC invocations=1 (full 0):
 garbage-first heap   total 126976K, used 40192K [0x0000000080000000, 0x0000000100000000)
  region size 1024K, 37 young (37888K), 2 survivors (2048K)
 Metaspace       used 11676K, committed 11840K, reserved 1114112K
  class space    used 1251K, committed 1344K, reserved 1048576K
}
Event: 8.638 GC heap after
{Heap after GC invocations=2 (full 0):
 garbage-first heap   total 126976K, used 10941K [0x0000000080000000, 0x0000000100000000)
  region size 1024K, 5 young (5120K), 5 survivors (5120K)
 Metaspace       used 11676K, committed 11840K, reserved 1114112K
  class space    used 1251K, committed 1344K, reserved 1048576K
}
Event: 9.972 GC heap before
{Heap before GC invocations=2 (full 0):
 garbage-first heap   total 126976K, used 81597K [0x0000000080000000, 0x0000000100000000)
  region size 1024K, 74 young (75776K), 5 survivors (5120K)
 Metaspace       used 12840K, committed 13056K, reserved 1114112K
  class space    used 1402K, committed 1472K, reserved 1048576K
}
Event: 9.983 GC heap after
{Heap after GC invocations=3 (full 0):
 garbage-first heap   total 126976K, used 12206K [0x0000000080000000, 0x0000000100000000)
  region size 1024K, 7 young (7168K), 7 survivors (7168K)
 Metaspace       used 12840K, committed 13056K, reserved 1114112K
  class space    used 1402K, committed 1472K, reserved 1048576K
}
Event: 17.909 GC heap before
{Heap before GC invocations=3 (full 0):
 garbage-first heap   total 126976K, used 82862K [0x0000000080000000, 0x0000000100000000)
  region size 1024K, 74 young (75776K), 7 survivors (7168K)
 Metaspace       used 18105K, committed 18432K, reserved 1114112K
  class space    used 2088K, committed 2240K, reserved 1048576K
}
Event: 17.923 GC heap after
{Heap after GC invocations=4 (full 0):
 garbage-first heap   total 126976K, used 19714K [0x0000000080000000, 0x0000000100000000)
  region size 1024K, 8 young (8192K), 8 survivors (8192K)
 Metaspace       used 18105K, committed 18432K, reserved 1114112K
  class space    used 2088K, committed 2240K, reserved 1048576K
}
Event: 20.977 GC heap before
{Heap before GC invocations=4 (full 0):
 garbage-first heap   total 126976K, used 29954K [0x0000000080000000, 0x0000000100000000)
  region size 1024K, 19 young (19456K), 8 survivors (8192K)
 Metaspace       used 21233K, committed 21504K, reserved 1114112K
  class space    used 2483K, committed 2624K, reserved 1048576K
}
Event: 20.986 GC heap after
{Heap after GC invocations=5 (full 0):
 garbage-first heap   total 126976K, used 21148K [0x0000000080000000, 0x0000000100000000)
  region size 1024K, 2 young (2048K), 2 survivors (2048K)
 Metaspace       used 21233K, committed 21504K, reserved 1114112K
  class space    used 2483K, committed 2624K, reserved 1048576K
}

