# JRE version: OpenJDK Runtime Environment (21.0.9) (build 21.0.9+-14787801-b1163.94)
# Java VM: OpenJDK 64-Bit Server VM (21.0.9+-14787801-b1163.94, mixed mode, tiered, compressed oops, compressed class ptrs, g1 gc, windows-amd64)
GC Precious Log:
 CardTable entry size: 512
 Card Set container configuration: InlinePtr #cards 5 size 8 Array Of Cards #cards 12 size 40 Howl #buckets 4 coarsen threshold 1843 Howl Bitmap #cards 512 size 80 coarsen threshold 460 Card regions per heap region 1 cards per card region 2048
 CPUs: 8 total, 8 available
 Memory: 7834M
 Large Page Support: Disabled
 NUMA Support: Disabled
 Compressed Oops: Enabled (32-bit)
 Heap Region Size: 1M
 Heap Min Capacity: 8M
 Heap Initial Capacity: 124M
 Heap Max Capacity: 2G
 Pre-touch: Disabled
 Parallel Workers: 8
 Concurrent Workers: 2
 Concurrent Refinement Workers: 8
 Periodic GC: Disabled
Heap:
 garbage-first heap   total 388096K, used 290816K [0x0000000080000000, 0x0000000100000000)
  region size 1024K, 53 young (54272K), 8 survivors (8192K)
 Metaspace       used 147391K, committed 149632K, reserved 1179648K
  class space    used 19540K, committed 20608K, reserved 1048576K
GC Heap History (20 events):
Event: 29.749 GC heap before
{Heap before GC invocations=42 (full 0):
 garbage-first heap   total 245760K, used 225511K [0x0000000080000000, 0x0000000100000000)
  region size 1024K, 117 young (119808K), 13 survivors (13312K)
 Metaspace       used 106502K, committed 108736K, reserved 1179648K
  class space    used 15184K, committed 16256K, reserved 1048576K
}
Event: 29.779 GC heap after
{Heap after GC invocations=43 (full 0):
 garbage-first heap   total 273408K, used 153600K [0x0000000080000000, 0x0000000100000000)
  region size 1024K, 15 young (15360K), 15 survivors (15360K)
 Metaspace       used 106502K, committed 108736K, reserved 1179648K
  class space    used 15184K, committed 16256K, reserved 1048576K
}
Event: 31.056 GC heap before
{Heap before GC invocations=43 (full 0):
 garbage-first heap   total 273408K, used 231424K [0x0000000080000000, 0x0000000100000000)
  region size 1024K, 90 young (92160K), 15 survivors (15360K)
 Metaspace       used 114651K, committed 116800K, reserved 1179648K
  class space    used 16061K, committed 17088K, reserved 1048576K
}
Event: 31.076 GC heap after
{Heap after GC invocations=44 (full 0):
 garbage-first heap   total 273408K, used 163521K [0x0000000080000000, 0x0000000100000000)
  region size 1024K, 8 young (8192K), 8 survivors (8192K)
 Metaspace       used 114651K, committed 116800K, reserved 1179648K
  class space    used 16061K, committed 17088K, reserved 1048576K
}
Event: 32.494 GC heap before
{Heap before GC invocations=44 (full 0):
 garbage-first heap   total 273408K, used 236225K [0x0000000080000000, 0x0000000100000000)
  region size 1024K, 80 young (81920K), 8 survivors (8192K)
 Metaspace       used 123617K, committed 125824K, reserved 1179648K
  class space    used 16958K, committed 17984K, reserved 1048576K
}
Event: 32.501 GC heap after
{Heap after GC invocations=45 (full 0):
 garbage-first heap   total 273408K, used 167446K [0x0000000080000000, 0x0000000100000000)
  region size 1024K, 5 young (5120K), 5 survivors (5120K)
 Metaspace       used 123617K, committed 125824K, reserved 1179648K
  class space    used 16958K, committed 17984K, reserved 1048576K
}
Event: 33.887 GC heap before
{Heap before GC invocations=46 (full 0):
 garbage-first heap   total 280576K, used 241174K [0x0000000080000000, 0x0000000100000000)
  region size 1024K, 78 young (79872K), 5 survivors (5120K)
 Metaspace       used 128972K, committed 131136K, reserved 1179648K
  class space    used 17523K, committed 18560K, reserved 1048576K
}
Event: 33.896 GC heap after
{Heap after GC invocations=47 (full 0):
 garbage-first heap   total 280576K, used 175812K [0x0000000080000000, 0x0000000100000000)
  region size 1024K, 10 young (10240K), 10 survivors (10240K)
 Metaspace       used 128972K, committed 131136K, reserved 1179648K
  class space    used 17523K, committed 18560K, reserved 1048576K
}
Event: 35.623 GC heap before
{Heap before GC invocations=47 (full 0):
 garbage-first heap   total 280576K, used 250564K [0x0000000080000000, 0x0000000100000000)
  region size 1024K, 82 young (83968K), 10 survivors (10240K)
 Metaspace       used 134965K, committed 137152K, reserved 1179648K
  class space    used 18276K, committed 19328K, reserved 1048576K
}
Event: 35.639 GC heap after
{Heap after GC invocations=48 (full 0):
 garbage-first heap   total 280576K, used 187970K [0x0000000080000000, 0x0000000100000000)
  region size 1024K, 11 young (11264K), 11 survivors (11264K)
 Metaspace       used 134965K, committed 137152K, reserved 1179648K
  class space    used 18276K, committed 19328K, reserved 1048576K
}
Event: 39.135 GC heap before
{Heap before GC invocations=48 (full 0):
 garbage-first heap   total 280576K, used 251458K [0x0000000080000000, 0x0000000100000000)
  region size 1024K, 73 young (74752K), 11 survivors (11264K)
 Metaspace       used 140440K, committed 142656K, reserved 1179648K
  class space    used 18897K, committed 19968K, reserved 1048576K
}
Event: 39.156 GC heap after
{Heap after GC invocations=49 (full 0):
 garbage-first heap   total 280576K, used 193553K [0x0000000080000000, 0x0000000100000000)
  region size 1024K, 5 young (5120K), 5 survivors (5120K)
 Metaspace       used 140440K, committed 142656K, reserved 1179648K
  class space    used 18897K, committed 19968K, reserved 1048576K
}
Event: 104.567 GC heap before
{Heap before GC invocations=50 (full 0):
 garbage-first heap   total 324608K, used 254993K [0x0000000080000000, 0x0000000100000000)
  region size 1024K, 65 young (66560K), 5 survivors (5120K)
 Metaspace       used 140577K, committed 142784K, reserved 1179648K
  class space    used 18911K, committed 19968K, reserved 1048576K
}
Event: 104.591 GC heap after
{Heap after GC invocations=51 (full 0):
 garbage-first heap   total 324608K, used 194633K [0x0000000080000000, 0x0000000100000000)
  region size 1024K, 6 young (6144K), 6 survivors (6144K)
 Metaspace       used 140577K, committed 142784K, reserved 1179648K
  class space    used 18911K, committed 19968K, reserved 1048576K
}
Event: 106.400 GC heap before
{Heap before GC invocations=51 (full 0):
 garbage-first heap   total 324608K, used 292937K [0x0000000080000000, 0x0000000100000000)
  region size 1024K, 103 young (105472K), 6 survivors (6144K)
 Metaspace       used 141422K, committed 143616K, reserved 1179648K
  class space    used 18995K, committed 20032K, reserved 1048576K
}
Event: 106.456 GC heap after
{Heap after GC invocations=52 (full 0):
 garbage-first heap   total 325632K, used 215837K [0x0000000080000000, 0x0000000100000000)
  region size 1024K, 13 young (13312K), 13 survivors (13312K)
 Metaspace       used 141422K, committed 143616K, reserved 1179648K
  class space    used 18995K, committed 20032K, reserved 1048576K
}
Event: 106.598 GC heap before
{Heap before GC invocations=52 (full 0):
 garbage-first heap   total 325632K, used 249629K [0x0000000080000000, 0x0000000100000000)
  region size 1024K, 47 young (48128K), 13 survivors (13312K)
 Metaspace       used 141437K, committed 143680K, reserved 1179648K
  class space    used 18995K, committed 20032K, reserved 1048576K
}
Event: 106.626 GC heap after
{Heap after GC invocations=53 (full 0):
 garbage-first heap   total 325632K, used 231424K [0x0000000080000000, 0x0000000100000000)
  region size 1024K, 11 young (11264K), 11 survivors (11264K)
 Metaspace       used 141437K, committed 143680K, reserved 1179648K
  class space    used 18995K, committed 20032K, reserved 1048576K
}
Event: 108.447 GC heap before
{Heap before GC invocations=54 (full 0):
 garbage-first heap   total 388096K, used 285696K [0x0000000080000000, 0x0000000100000000)
  region size 1024K, 63 young (64512K), 11 survivors (11264K)
 Metaspace       used 143223K, committed 145472K, reserved 1179648K
  class space    used 19145K, committed 20224K, reserved 1048576K
}
Event: 108.470 GC heap after
{Heap after GC invocations=55 (full 0):
 garbage-first heap   total 388096K, used 245760K [0x0000000080000000, 0x0000000100000000)
  region size 1024K, 8 young (8192K), 8 survivors (8192K)
 Metaspace       used 143223K, committed 145472K, reserved 1179648K
  class space    used 19145K, committed 20224K, reserved 1048576K
}

