# JRE version: OpenJDK Runtime Environment (21.0.9) (build 21.0.9+-14787801-b1163.94)
# Java VM: OpenJDK 64-Bit Server VM (21.0.9+-14787801-b1163.94, mixed mode, tiered, compressed oops, compressed class ptrs, g1 gc, windows-amd64)
GC Precious Log:
 CardTable entry size: 512
 Card Set container configuration: InlinePtr #cards 5 size 8 Array Of Cards #cards 12 size 40 Howl #buckets 4 coarsen threshold 1843 Howl Bitmap #cards 512 size 80 coarsen threshold 460 Card regions per heap region 1 cards per card region 2048
 CPUs: 8 total, 8 available
 Memory: 7834M
 Large Page Support: Disabled
 NUMA Support: Disabled
 Compressed Oops: Enabled (32-bit)
 Heap Region Size: 1M
 Heap Min Capacity: 8M
 Heap Initial Capacity: 124M
 Heap Max Capacity: 2G
 Pre-touch: Disabled
 Parallel Workers: 8
 Concurrent Workers: 2
 Concurrent Refinement Workers: 8
 Periodic GC: Disabled
Heap:
 garbage-first heap   total 126976K, used 103442K [0x0000000080000000, 0x0000000100000000)
  region size 1024K, 29 young (29696K), 4 survivors (4096K)
 Metaspace       used 78685K, committed 80576K, reserved 1179648K
  class space    used 11238K, committed 12160K, reserved 1048576K
GC Heap History (20 events):
Event: 4.618 GC heap before
{Heap before GC invocations=11 (full 0):
 garbage-first heap   total 94208K, used 86486K [0x0000000080000000, 0x0000000100000000)
  region size 1024K, 42 young (43008K), 5 survivors (5120K)
 Metaspace       used 43373K, committed 44416K, reserved 1114112K
  class space    used 6005K, committed 6528K, reserved 1048576K
}
Event: 4.624 GC heap after
{Heap after GC invocations=12 (full 0):
 garbage-first heap   total 100352K, used 55137K [0x0000000080000000, 0x0000000100000000)
  region size 1024K, 6 young (6144K), 6 survivors (6144K)
 Metaspace       used 43373K, committed 44416K, reserved 1114112K
  class space    used 6005K, committed 6528K, reserved 1048576K
}
Event: 5.150 GC heap before
{Heap before GC invocations=12 (full 0):
 garbage-first heap   total 100352K, used 85857K [0x0000000080000000, 0x0000000100000000)
  region size 1024K, 36 young (36864K), 6 survivors (6144K)
 Metaspace       used 47315K, committed 48640K, reserved 1114112K
  class space    used 6694K, committed 7360K, reserved 1048576K
}
Event: 5.155 GC heap after
{Heap after GC invocations=13 (full 0):
 garbage-first heap   total 100352K, used 57329K [0x0000000080000000, 0x0000000100000000)
  region size 1024K, 3 young (3072K), 3 survivors (3072K)
 Metaspace       used 47315K, committed 48640K, reserved 1114112K
  class space    used 6694K, committed 7360K, reserved 1048576K
}
Event: 5.721 GC heap before
{Heap before GC invocations=14 (full 0):
 garbage-first heap   total 100352K, used 87025K [0x0000000080000000, 0x0000000100000000)
  region size 1024K, 33 young (33792K), 3 survivors (3072K)
 Metaspace       used 51789K, committed 53184K, reserved 1114112K
  class space    used 7209K, committed 7872K, reserved 1048576K
}
Event: 5.729 GC heap after
{Heap after GC invocations=15 (full 0):
 garbage-first heap   total 100352K, used 60416K [0x0000000080000000, 0x0000000100000000)
  region size 1024K, 5 young (5120K), 5 survivors (5120K)
 Metaspace       used 51789K, committed 53184K, reserved 1114112K
  class space    used 7209K, committed 7872K, reserved 1048576K
}
Event: 6.185 GC heap before
{Heap before GC invocations=15 (full 0):
 garbage-first heap   total 100352K, used 90112K [0x0000000080000000, 0x0000000100000000)
  region size 1024K, 34 young (34816K), 5 survivors (5120K)
 Metaspace       used 55412K, committed 56896K, reserved 1114112K
  class space    used 7813K, committed 8512K, reserved 1048576K
}
Event: 6.190 GC heap after
{Heap after GC invocations=16 (full 0):
 garbage-first heap   total 100352K, used 61972K [0x0000000080000000, 0x0000000100000000)
  region size 1024K, 2 young (2048K), 2 survivors (2048K)
 Metaspace       used 55412K, committed 56896K, reserved 1114112K
  class space    used 7813K, committed 8512K, reserved 1048576K
}
Event: 6.453 GC heap before
{Heap before GC invocations=16 (full 0):
 garbage-first heap   total 100352K, used 77332K [0x0000000080000000, 0x0000000100000000)
  region size 1024K, 18 young (18432K), 2 survivors (2048K)
 Metaspace       used 56791K, committed 58304K, reserved 1114112K
  class space    used 8072K, committed 8768K, reserved 1048576K
}
Event: 6.457 GC heap after
{Heap after GC invocations=17 (full 0):
 garbage-first heap   total 120832K, used 63603K [0x0000000080000000, 0x0000000100000000)
  region size 1024K, 4 young (4096K), 4 survivors (4096K)
 Metaspace       used 56791K, committed 58304K, reserved 1114112K
  class space    used 8072K, committed 8768K, reserved 1048576K
}
Event: 7.009 GC heap before
{Heap before GC invocations=18 (full 0):
 garbage-first heap   total 120832K, used 108659K [0x0000000080000000, 0x0000000100000000)
  region size 1024K, 47 young (48128K), 4 survivors (4096K)
 Metaspace       used 58736K, committed 60416K, reserved 1114112K
  class space    used 8320K, committed 9152K, reserved 1048576K
}
Event: 7.014 GC heap after
{Heap after GC invocations=19 (full 0):
 garbage-first heap   total 120832K, used 71069K [0x0000000080000000, 0x0000000100000000)
  region size 1024K, 6 young (6144K), 6 survivors (6144K)
 Metaspace       used 58736K, committed 60416K, reserved 1114112K
  class space    used 8320K, committed 9152K, reserved 1048576K
}
Event: 7.164 GC heap before
{Heap before GC invocations=19 (full 0):
 garbage-first heap   total 120832K, used 107933K [0x0000000080000000, 0x0000000100000000)
  region size 1024K, 42 young (43008K), 6 survivors (6144K)
 Metaspace       used 59254K, committed 60928K, reserved 1114112K
  class space    used 8421K, committed 9216K, reserved 1048576K
}
Event: 7.168 GC heap after
{Heap after GC invocations=20 (full 0):
 garbage-first heap   total 120832K, used 72311K [0x0000000080000000, 0x0000000100000000)
  region size 1024K, 2 young (2048K), 2 survivors (2048K)
 Metaspace       used 59254K, committed 60928K, reserved 1114112K
  class space    used 8421K, committed 9216K, reserved 1048576K
}
Event: 14.439 GC heap before
{Heap before GC invocations=20 (full 0):
 garbage-first heap   total 120832K, used 108151K [0x0000000080000000, 0x0000000100000000)
  region size 1024K, 38 young (38912K), 2 survivors (2048K)
 Metaspace       used 66144K, committed 67840K, reserved 1114112K
  class space    used 9376K, committed 10240K, reserved 1048576K
}
Event: 14.445 GC heap after
{Heap after GC invocations=21 (full 0):
 garbage-first heap   total 120832K, used 75184K [0x0000000080000000, 0x0000000100000000)
  region size 1024K, 4 young (4096K), 4 survivors (4096K)
 Metaspace       used 66144K, committed 67840K, reserved 1114112K
  class space    used 9376K, committed 10240K, reserved 1048576K
}
Event: 16.437 GC heap before
{Heap before GC invocations=22 (full 0):
 garbage-first heap   total 126976K, used 110000K [0x0000000080000000, 0x0000000100000000)
  region size 1024K, 38 young (38912K), 4 survivors (4096K)
 Metaspace       used 71207K, committed 72960K, reserved 1114112K
  class space    used 10053K, committed 10880K, reserved 1048576K
}
Event: 16.441 GC heap after
{Heap after GC invocations=23 (full 0):
 garbage-first heap   total 126976K, used 76901K [0x0000000080000000, 0x0000000100000000)
  region size 1024K, 2 young (2048K), 2 survivors (2048K)
 Metaspace       used 71207K, committed 72960K, reserved 1114112K
  class space    used 10053K, committed 10880K, reserved 1048576K
}
Event: 16.880 GC heap before
{Heap before GC invocations=23 (full 0):
 garbage-first heap   total 126976K, used 115813K [0x0000000080000000, 0x0000000100000000)
  region size 1024K, 40 young (40960K), 2 survivors (2048K)
 Metaspace       used 75985K, committed 77824K, reserved 1179648K
  class space    used 10810K, committed 11712K, reserved 1048576K
}
Event: 16.885 GC heap after
{Heap after GC invocations=24 (full 0):
 garbage-first heap   total 126976K, used 78866K [0x0000000080000000, 0x0000000100000000)
  region size 1024K, 4 young (4096K), 4 survivors (4096K)
 Metaspace       used 75985K, committed 77824K, reserved 1179648K
  class space    used 10810K, committed 11712K, reserved 1048576K
}

